\BOOKMARK [1][-]{section.1}{\376\377\230\171\166\356\151\202\217\360}{}% 1
\BOOKMARK [2][-]{subsection.1.1}{\376\377\230\171\166\356\200\314\146\157}{section.1}% 2
\BOOKMARK [2][-]{subsection.1.2}{\376\377\230\171\166\356\166\356\150\007}{section.1}% 3
\BOOKMARK [2][-]{subsection.1.3}{\376\377\126\342\226\037\117\341\140\157\116\016\122\006\135\345\145\271\150\110}{section.1}% 4
\BOOKMARK [2][-]{subsection.1.4}{\376\377\230\171\166\356\133\214\142\020\140\305\121\265\151\202\211\310}{section.1}% 5
\BOOKMARK [1][-]{section.2}{\376\377\142\200\147\057\145\271\150\110\213\276\213\241}{}% 6
\BOOKMARK [2][-]{subsection.2.1}{\376\377\145\164\117\123\147\266\147\204}{section.2}% 7
\BOOKMARK [2][-]{subsection.2.2}{\376\377\152\041\127\127\122\022\122\006}{section.2}% 8
\BOOKMARK [2][-]{subsection.2.3}{\376\377\142\200\147\057\220\011\127\213}{section.2}% 9
\BOOKMARK [1][-]{section.3}{\376\377\152\041\127\127\213\346\176\306\133\236\163\260}{}% 10
\BOOKMARK [2][-]{subsection.3.1}{\376\377\116\055\145\255\116\016\137\002\136\070\131\004\164\006\377\010\117\257\131\125\146\016\377\011}{section.3}% 11
\BOOKMARK [3][-]{subsubsection.3.1.1}{\376\377\213\276\213\241\140\035\215\357}{subsection.3.1}% 12
\BOOKMARK [3][-]{subsubsection.3.1.2}{\376\377\174\373\176\337\214\003\165\050\121\150\224\376\215\357}{subsection.3.1}% 13
\BOOKMARK [3][-]{subsubsection.3.1.3}{\376\377\116\055\145\255\131\004\164\006\166\204\116\044\147\141\215\357\137\204}{subsection.3.1}% 14
\BOOKMARK [3][-]{subsubsection.3.1.4}{\376\377\145\366\224\237\116\055\145\255\147\072\122\066}{subsection.3.1}% 15
\BOOKMARK [2][-]{subsection.3.2}{\376\377\174\373\176\337\214\003\165\050\143\245\123\343\133\236\163\260\377\010\117\257\131\125\146\016\377\011}{section.3}% 16
\BOOKMARK [3][-]{subsubsection.3.2.1}{\376\377\000p\000s\000\040\174\373\176\337\214\003\165\050}{subsection.3.2}% 17
\BOOKMARK [3][-]{subsubsection.3.2.2}{\376\377\000h\000a\000l\000t\000\040\121\163\147\072\174\373\176\337\214\003\165\050}{subsection.3.2}% 18
\BOOKMARK [3][-]{subsubsection.3.2.3}{\376\377\000l\000s\000e\000e\000k\000\040\145\207\116\366\133\232\117\115\174\373\176\337\214\003\165\050}{subsection.3.2}% 19
\BOOKMARK [3][-]{subsubsection.3.2.4}{\376\377\000S\000o\000c\000k\000e\000t\000\040\177\121\176\334\174\373\176\337\214\003\165\050}{subsection.3.2}% 20
\BOOKMARK [2][-]{subsection.3.3}{\376\377\213\276\131\007\232\161\122\250\116\016\000\040\000I\000/\000O\377\010\117\257\131\125\146\016\377\011}{section.3}% 21
\BOOKMARK [3][-]{subsubsection.3.3.1}{\376\377\143\247\122\066\123\360\217\223\121\372\123\237\133\120\123\026}{subsection.3.3}% 22
\BOOKMARK [3][-]{subsubsection.3.3.2}{\376\377\000v\000i\000r\000t\000i\000o\000-\000n\000e\000t\000\040\000M\000M\000I\000O\000\040\177\121\123\141\232\161\122\250}{subsection.3.3}% 23
\BOOKMARK [2][-]{subsection.3.4}{\376\377\000S\000h\000e\000l\000l\000\040\122\237\200\375\130\236\137\072\377\010\117\257\131\125\146\016\377\011}{section.3}% 24
\BOOKMARK [3][-]{subsubsection.3.4.1}{\376\377\000S\000h\000e\000l\000l\000\040\000P\000A\000T\000H\000\040\000F\000a\000l\000l\000b\000a\000c\000k}{subsection.3.4}% 25
\BOOKMARK [3][-]{subsubsection.3.4.2}{\376\377\000h\000a\000l\000t\000\040\121\205\136\372\124\175\116\344}{subsection.3.4}% 26
\BOOKMARK [2][-]{subsection.3.5}{\376\377\177\121\176\334\123\117\213\256\150\010\133\236\163\260\377\010\117\257\131\125\146\016\377\011}{section.3}% 27
\BOOKMARK [3][-]{subsubsection.3.5.1}{\376\377\140\073\117\123\147\266\147\204}{subsection.3.5}% 28
\BOOKMARK [3][-]{subsubsection.3.5.2}{\376\377\000E\000t\000h\000e\000r\000n\000e\000t\000\040\000/\000\040\000A\000R\000P\000\040\000/\000\040\000I\000P\000\040\000/\000\040\000U\000D\000P\000\040\123\117\213\256\133\236\163\260}{subsection.3.5}% 29
\BOOKMARK [3][-]{subsubsection.3.5.3}{\376\377\000S\000o\000c\000k\000e\000t\000\040\134\102\213\276\213\241}{subsection.3.5}% 30
\BOOKMARK [3][-]{subsubsection.3.5.4}{\376\377\000Q\000E\000M\000U\000\040\177\121\176\334\221\115\177\156}{subsection.3.5}% 31
\BOOKMARK [3][-]{subsubsection.3.5.5}{\376\377\214\003\213\325\123\206\172\013\140\073\176\323}{subsection.3.5}% 32
\BOOKMARK [2][-]{subsection.3.6}{\376\377\217\333\172\013\173\241\164\006\116\016\214\003\136\246\377\010\155\202\121\341\164\033\377\011}{section.3}% 33
\BOOKMARK [3][-]{subsubsection.3.6.1}{\376\377\000F\000C\000F\000S\000\040\116\016\000\040\000M\000L\000F\000Q\000\040\214\003\136\246\173\227\154\325\133\236\163\260}{subsection.3.6}% 34
\BOOKMARK [3][-]{subsubsection.3.6.2}{\376\377\117\341\123\367\221\317\147\072\122\066}{subsection.3.6}% 35
\BOOKMARK [3][-]{subsubsection.3.6.3}{\376\377\000w\000a\000k\000e\000u\000p\000\040\124\310\136\014\226\037\122\027\117\030\123\026}{subsection.3.6}% 36
\BOOKMARK [2][-]{subsection.3.7}{\376\377\174\373\176\337\124\057\122\250\377\010\227\351\170\125\377\011}{section.3}% 37
\BOOKMARK [3][-]{subsubsection.3.7.1}{\376\377\124\057\122\250\224\376\215\357}{subsection.3.7}% 38
\BOOKMARK [3][-]{subsubsection.3.7.2}{\376\377\121\163\225\056\122\035\131\313\123\026\153\145\232\244}{subsection.3.7}% 39
\BOOKMARK [3][-]{subsubsection.3.7.3}{\376\377\213\376\172\013\211\201\154\102\133\371\136\224\116\016\133\236\163\260\176\323\147\234}{subsection.3.7}% 40
\BOOKMARK [2][-]{subsection.3.8}{\376\377\121\205\133\130\173\241\164\006\377\010\227\351\170\125\377\011}{section.3}% 41
\BOOKMARK [3][-]{subsubsection.3.8.1}{\376\377\162\151\164\006\230\165\150\106\122\006\221\115\116\016\124\057\122\250\145\366\121\205\133\130\143\242\155\113}{subsection.3.8}% 42
\BOOKMARK [3][-]{subsubsection.3.8.2}{\376\377\206\132\142\337\121\205\133\130\116\016\143\011\227\000\122\006\230\165}{subsection.3.8}% 43
\BOOKMARK [3][-]{subsubsection.3.8.3}{\376\377\121\205\150\070\130\006\122\006\221\115\126\150\116\016\213\376\172\013\143\007\150\007}{subsection.3.8}% 44
\BOOKMARK [2][-]{subsection.3.9}{\376\377\145\207\116\366\173\241\164\006\377\010\227\351\170\125\377\011}{section.3}% 45
\BOOKMARK [3][-]{subsubsection.3.9.1}{\376\377\145\207\116\366\143\317\217\360\173\046\210\150\173\241\164\006}{subsection.3.9}% 46
\BOOKMARK [3][-]{subsubsection.3.9.2}{\376\377\145\207\116\366\116\016\166\356\137\125\127\372\147\054\144\315\117\134}{subsection.3.9}% 47
\BOOKMARK [3][-]{subsubsection.3.9.3}{\376\377\215\357\137\204\211\343\147\220\116\016\000\040\000s\000e\000e\000k\000\040\145\057\143\001}{subsection.3.9}% 48
\BOOKMARK [3][-]{subsubsection.3.9.4}{\376\377\145\207\116\366\174\373\176\337\145\164\117\123\140\073\176\323}{subsection.3.9}% 49
\BOOKMARK [1][-]{section.4}{\376\377\174\373\176\337\217\320\210\114\116\016\122\237\200\375\155\113\213\325}{}% 50
\BOOKMARK [2][-]{subsection.4.1}{\376\377\127\372\170\100\174\373\176\337\217\320\210\114\232\214\213\301}{section.4}% 51
\BOOKMARK [3][-]{subsubsection.4.1.1}{\376\377\174\373\176\337\124\057\122\250}{subsection.4.1}% 52
\BOOKMARK [3][-]{subsubsection.4.1.2}{\376\377\000p\000s\000\040\174\373\176\337\214\003\165\050\155\113\213\325}{subsection.4.1}% 53
\BOOKMARK [3][-]{subsubsection.4.1.3}{\376\377\000h\000a\000l\000t\000\040\121\163\147\072\155\113\213\325}{subsection.4.1}% 54
\BOOKMARK [3][-]{subsubsection.4.1.4}{\376\377\000l\000s\000e\000e\000k\000\040\155\113\213\325}{subsection.4.1}% 55
\BOOKMARK [2][-]{subsection.4.2}{\376\377\143\247\122\066\123\360\217\223\121\372\123\237\133\120\123\026\155\113\213\325}{section.4}% 56
\BOOKMARK [3][-]{subsubsection.4.2.1}{\376\377\117\356\131\015\122\115\000\040\000v\000s\000\040\117\356\131\015\124\016}{subsection.4.2}% 57
\BOOKMARK [2][-]{subsection.4.3}{\376\377\173\241\220\123\220\032\117\341\155\113\213\325}{section.4}% 58
\BOOKMARK [2][-]{subsection.4.4}{\376\377\000S\000h\000e\000l\000l\000\040\000P\000A\000T\000H\000\040\000F\000a\000l\000l\000b\000a\000c\000k\000\040\155\113\213\325}{section.4}% 59
\BOOKMARK [2][-]{subsection.4.5}{\376\377\000U\000D\000P\000\040\177\121\176\334\220\032\117\341\155\113\213\325}{section.4}% 60
\BOOKMARK [3][-]{subsubsection.4.5.1}{\376\377\155\113\213\325\163\257\130\203}{subsection.4.5}% 61
\BOOKMARK [3][-]{subsubsection.4.5.2}{\376\377\000T\000e\000s\000t\000\040\0001\000:\000\040\000x\000v\0006\000\040\123\321\220\001\000\040\041\222\000\040\133\277\116\073\147\072\143\245\145\066}{subsection.4.5}% 62
\BOOKMARK [3][-]{subsubsection.4.5.3}{\376\377\000T\000e\000s\000t\000\040\0002\000:\000\040\133\277\116\073\147\072\126\336\131\015\000\040\041\222\000\040\000x\000v\0006\000\040\143\245\145\066}{subsection.4.5}% 63
\BOOKMARK [2][-]{subsection.4.6}{\376\377\214\003\136\246\173\227\154\325\155\113\213\325\377\010\155\202\121\341\164\033\377\011}{section.4}% 64
\BOOKMARK [3][-]{subsubsection.4.6.1}{\376\377\000F\000C\000F\000S\000\040\155\113\213\325}{subsection.4.6}% 65
\BOOKMARK [3][-]{subsubsection.4.6.2}{\376\377\000M\000L\000F\000Q\000\040\155\113\213\325}{subsection.4.6}% 66
\BOOKMARK [3][-]{subsubsection.4.6.3}{\376\377\117\341\123\367\221\317\155\113\213\325}{subsection.4.6}% 67
\BOOKMARK [2][-]{subsection.4.7}{\376\377\121\205\133\130\122\006\221\115\126\150\155\113\213\325\377\010\227\351\170\125\377\011}{section.4}% 68
\BOOKMARK [2][-]{subsection.4.8}{\376\377\145\207\116\366\173\241\164\006\155\113\213\325\377\010\227\351\170\125\377\011}{section.4}% 69
\BOOKMARK [1][-]{section.5}{\376\377\122\033\145\260\160\271}{}% 70
\BOOKMARK [2][-]{subsection.5.1}{\376\377\000U\000D\000P\000\040\177\121\176\334\123\117\213\256\150\010\377\010\117\257\131\125\146\016\377\011}{section.5}% 71
\BOOKMARK [2][-]{subsection.5.2}{\376\377\143\247\122\066\123\360\217\223\121\372\123\237\133\120\123\026\166\204\116\044\134\102\123\117\124\014\145\271\150\110\377\010\117\257\131\125\146\016\377\011}{section.5}% 72
\BOOKMARK [2][-]{subsection.5.3}{\376\377\000Q\000E\000M\000U\000\040\000T\000e\000s\000t\000\040\000D\000e\000v\000i\000c\000e\000\040\121\163\147\072\145\271\150\110\377\010\117\257\131\125\146\016\377\011}{section.5}% 73
\BOOKMARK [2][-]{subsection.5.4}{\376\377\116\044\176\247\121\205\133\130\122\006\221\115\126\150\377\010\227\351\170\125\377\011}{section.5}% 74
\BOOKMARK [2][-]{subsection.5.5}{\376\377\131\032\214\003\136\246\173\227\154\325\150\106\147\266\377\010\155\202\121\341\164\033\377\011}{section.5}% 75
\BOOKMARK [1][-]{section.6}{\376\377\140\073\176\323\116\016\134\125\147\033}{}% 76
\BOOKMARK [2][-]{subsection.6.1}{\376\377\230\171\166\356\140\073\176\323}{section.6}% 77
\BOOKMARK [2][-]{subsection.6.2}{\376\377\147\052\147\145\134\125\147\033}{section.6}% 78
\BOOKMARK [3][-]{subsubsection.6.2.1}{\376\377\177\121\176\334\123\117\213\256\150\010\130\236\137\072\377\010\117\257\131\125\146\016\377\011}{subsection.6.2}% 79
\BOOKMARK [3][-]{subsubsection.6.2.2}{\376\377\174\373\176\337\214\003\165\050\142\151\134\125}{subsection.6.2}% 80
\BOOKMARK [3][-]{subsubsection.6.2.3}{\376\377\214\003\136\246\116\016\124\014\153\145\130\236\137\072}{subsection.6.2}% 81
\BOOKMARK [3][-]{subsubsection.6.2.4}{\376\377\145\207\116\366\174\373\176\337\130\236\137\072}{subsection.6.2}% 82
\BOOKMARK [2][-]{subsection.6.3}{\376\377\116\052\116\272\145\066\203\267\377\010\117\257\131\125\146\016\377\011}{section.6}% 83
