\BOOKMARK [1][-]{section.1}{\376\377\230\171\166\356\127\372\147\054\140\305\121\265}{}% 1
\BOOKMARK [1][-]{section.2}{\376\377\137\123\122\115\217\333\136\246\142\245\124\112}{}% 2
\BOOKMARK [2][-]{subsection.2.1}{\376\377\135\362\133\214\142\020\166\204\140\073\117\123\217\333\136\246}{section.2}% 3
\BOOKMARK [2][-]{subsection.2.2}{\376\377\135\362\133\214\142\020\166\204\121\167\117\123\135\345\117\134}{section.2}% 4
\BOOKMARK [1][-]{section.3}{\376\377\000x\000v\0006\000\040\137\123\122\115\135\362\176\317\133\236\163\260\166\204\116\073\211\201\122\237\200\375}{}% 5
\BOOKMARK [2][-]{subsection.3.1}{\376\377\174\373\176\337\124\057\122\250}{section.3}% 6
\BOOKMARK [2][-]{subsection.3.2}{\376\377\116\055\145\255\116\016\137\002\136\070\131\004\164\006}{section.3}% 7
\BOOKMARK [2][-]{subsection.3.3}{\376\377\121\205\133\130\173\241\164\006}{section.3}% 8
\BOOKMARK [2][-]{subsection.3.4}{\376\377\217\333\172\013\173\241\164\006}{section.3}% 9
\BOOKMARK [2][-]{subsection.3.5}{\376\377\145\207\116\366\174\373\176\337}{section.3}% 10
\BOOKMARK [2][-]{subsection.3.6}{\376\377\165\050\142\067\172\013\136\217\122\240\217\175\116\016\142\147\210\114}{section.3}% 11
\BOOKMARK [1][-]{section.4}{\376\377\134\017\176\304\122\006\135\345}{}% 12
\BOOKMARK [2][-]{subsection.4.1}{\376\377\155\202\121\341\164\033\377\032\217\333\172\013\173\241\164\006\116\016\131\004\164\006\147\072\214\003\136\246}{section.4}% 13
\BOOKMARK [2][-]{subsection.4.2}{\376\377\117\257\131\125\146\016\377\032\143\245\123\343\060\001\213\276\131\007\116\016\217\157\116\366\116\244\116\222}{section.4}% 14
\BOOKMARK [2][-]{subsection.4.3}{\376\377\227\351\170\125\377\032\121\205\133\130\173\241\164\006\116\016\145\207\116\366\174\373\176\337}{section.4}% 15
\BOOKMARK [2][-]{subsection.4.4}{\376\377\121\161\124\014\133\214\142\020\121\205\133\271}{section.4}% 16
\BOOKMARK [1][-]{section.5}{\376\377\142\200\147\057\145\271\150\110}{}% 17
\BOOKMARK [2][-]{subsection.5.1}{\376\377\140\073\117\123\142\200\147\057\215\357\176\277}{section.5}% 18
\BOOKMARK [2][-]{subsection.5.2}{\376\377\224\210\133\371\000\040\000A\000\040\230\230\211\201\154\102\166\204\133\236\163\260\140\035\215\357}{section.5}% 19
\BOOKMARK [2][-]{subsection.5.3}{\376\377\124\016\176\355\142\151\134\125\145\271\124\021}{section.5}% 20
\BOOKMARK [1][-]{section.6}{\376\377\116\013\116\000\226\066\153\265\213\241\122\022}{}% 21
\BOOKMARK [1][-]{section.7}{\376\377\140\073\176\323}{}% 22
